Connecting to database specified by database.yml
Connecting to database specified by database.yml
Connecting to database specified by database.yml
Connecting to database specified by database.yml
  [1m[36m (0.2ms)[0m  [1mselect sqlite_version(*)[0m
  [1m[35m (1.2ms)[0m  CREATE TABLE "schema_migrations" ("version" varchar(255) NOT NULL) 
  [1m[36m (0.9ms)[0m  [1mCREATE UNIQUE INDEX "unique_schema_migrations" ON "schema_migrations" ("version")[0m
  [1m[35m (1.7ms)[0m  SELECT "schema_migrations"."version" FROM "schema_migrations" 
Migrating to CreatePeople (20130430232142)
  [1m[36m (0.0ms)[0m  [1mbegin transaction[0m
  [1m[35m (0.5ms)[0m  CREATE TABLE "people" ("id" INTEGER PRIMARY KEY AUTOINCREMENT NOT NULL, "name" varchar(255), "created_at" datetime NOT NULL, "updated_at" datetime NOT NULL) 
  [1m[36m (0.1ms)[0m  [1mINSERT INTO "schema_migrations" ("version") VALUES ('20130430232142')[0m
  [1m[35m (1.0ms)[0m  commit transaction
Migrating to CreatePets (20130430232345)
  [1m[36m (0.0ms)[0m  [1mbegin transaction[0m
  [1m[35m (0.5ms)[0m  CREATE TABLE "pets" ("id" INTEGER PRIMARY KEY AUTOINCREMENT NOT NULL, "name" varchar(255), "person_id" integer, "created_at" datetime NOT NULL, "updated_at" datetime NOT NULL) 
  [1m[36m (0.1ms)[0m  [1mINSERT INTO "schema_migrations" ("version") VALUES ('20130430232345')[0m
  [1m[35m (0.7ms)[0m  commit transaction
  [1m[36m (0.1ms)[0m  [1mSELECT "schema_migrations"."version" FROM "schema_migrations" [0m
Connecting to database specified by database.yml
Connecting to database specified by database.yml
Connecting to database specified by database.yml
  [1m[36m (1.7ms)[0m  [1mSELECT "schema_migrations"."version" FROM "schema_migrations" [0m
Migrating to CreatePeople (20130430232142)
Migrating to CreatePets (20130430232345)
  [1m[35m (0.1ms)[0m  select sqlite_version(*)
  [1m[36m (0.2ms)[0m  [1mSELECT "schema_migrations"."version" FROM "schema_migrations" [0m
Connecting to database specified by database.yml
Connecting to database specified by database.yml
  [1m[36m (1.6ms)[0m  [1mSELECT "schema_migrations"."version" FROM "schema_migrations" [0m
  [1m[35m (0.1ms)[0m  begin transaction
  [1m[36mSQL (5.0ms)[0m  [1mINSERT INTO "people" ("created_at", "name", "updated_at") VALUES (?, ?, ?)[0m  [["created_at", Tue, 30 Apr 2013 23:27:11 UTC +00:00], ["name", "andrea"], ["updated_at", Tue, 30 Apr 2013 23:27:11 UTC +00:00]]
  [1m[35m (0.8ms)[0m  commit transaction
Connecting to database specified by database.yml
  [1m[36m (1.6ms)[0m  [1mSELECT "schema_migrations"."version" FROM "schema_migrations" [0m
  [1m[35m (0.1ms)[0m  begin transaction
  [1m[36mSQL (5.0ms)[0m  [1mINSERT INTO "people" ("created_at", "name", "updated_at") VALUES (?, ?, ?)[0m  [["created_at", Tue, 30 Apr 2013 23:27:24 UTC +00:00], ["name", "andrea"], ["updated_at", Tue, 30 Apr 2013 23:27:24 UTC +00:00]]
  [1m[35m (0.7ms)[0m  commit transaction
  [1m[36m (0.1ms)[0m  [1mbegin transaction[0m
  [1m[35mSQL (0.6ms)[0m  INSERT INTO "pets" ("created_at", "name", "person_id", "updated_at") VALUES (?, ?, ?, ?)  [["created_at", Tue, 30 Apr 2013 23:27:24 UTC +00:00], ["name", "ciuffo"], ["person_id", 2], ["updated_at", Tue, 30 Apr 2013 23:27:24 UTC +00:00]]
  [1m[36m (0.6ms)[0m  [1mcommit transaction[0m
Connecting to database specified by database.yml
Connecting to database specified by database.yml
Connecting to database specified by database.yml
  [1m[36m (1.7ms)[0m  [1mSELECT "schema_migrations"."version" FROM "schema_migrations" [0m
Migrating to CreatePeople (20130430232142)
Migrating to CreatePets (20130430232345)
Migrating to CreateWriters (20130430233202)
  [1m[35m (0.1ms)[0m  select sqlite_version(*)
  [1m[36m (0.1ms)[0m  [1mbegin transaction[0m
  [1m[35m (0.6ms)[0m  CREATE TABLE "writers" ("id" INTEGER PRIMARY KEY AUTOINCREMENT NOT NULL, "name" varchar(255), "created_at" datetime NOT NULL, "updated_at" datetime NOT NULL) 
  [1m[36m (0.1ms)[0m  [1mINSERT INTO "schema_migrations" ("version") VALUES ('20130430233202')[0m
  [1m[35m (0.9ms)[0m  commit transaction
Migrating to CreateBooks (20130430233212)
  [1m[36m (0.0ms)[0m  [1mbegin transaction[0m
  [1m[35m (0.5ms)[0m  CREATE TABLE "books" ("id" INTEGER PRIMARY KEY AUTOINCREMENT NOT NULL, "name" varchar(255), "author_id" integer, "created_at" datetime NOT NULL, "updated_at" datetime NOT NULL) 
  [1m[36m (0.1ms)[0m  [1mINSERT INTO "schema_migrations" ("version") VALUES ('20130430233212')[0m
  [1m[35m (0.7ms)[0m  commit transaction
  [1m[36m (0.1ms)[0m  [1mSELECT "schema_migrations"."version" FROM "schema_migrations" [0m
Connecting to database specified by database.yml
  [1m[36m (1.7ms)[0m  [1mSELECT "schema_migrations"."version" FROM "schema_migrations" [0m
  [1m[35mSQL (1.0ms)[0m  DELETE FROM "people"
  [1m[36mSQL (0.8ms)[0m  [1mDELETE FROM "pets"[0m
  [1m[35m (0.1ms)[0m  begin transaction
  [1m[36mSQL (6.1ms)[0m  [1mINSERT INTO "people" ("created_at", "name", "updated_at") VALUES (?, ?, ?)[0m  [["created_at", Tue, 30 Apr 2013 23:32:28 UTC +00:00], ["name", "andrea"], ["updated_at", Tue, 30 Apr 2013 23:32:28 UTC +00:00]]
  [1m[35m (0.7ms)[0m  commit transaction
  [1m[36m (0.1ms)[0m  [1mbegin transaction[0m
  [1m[35mSQL (0.6ms)[0m  INSERT INTO "pets" ("created_at", "name", "person_id", "updated_at") VALUES (?, ?, ?, ?)  [["created_at", Tue, 30 Apr 2013 23:32:28 UTC +00:00], ["name", "ciuffo"], ["person_id", 3], ["updated_at", Tue, 30 Apr 2013 23:32:28 UTC +00:00]]
  [1m[36m (0.6ms)[0m  [1mcommit transaction[0m
  [1m[35m (0.1ms)[0m  begin transaction
  [1m[36mSQL (1.4ms)[0m  [1mINSERT INTO "writers" ("created_at", "name", "updated_at") VALUES (?, ?, ?)[0m  [["created_at", Tue, 30 Apr 2013 23:32:28 UTC +00:00], ["name", "andrea"], ["updated_at", Tue, 30 Apr 2013 23:32:28 UTC +00:00]]
  [1m[35m (2.9ms)[0m  commit transaction
Connecting to database specified by database.yml
  [1m[36m (1.5ms)[0m  [1mSELECT "schema_migrations"."version" FROM "schema_migrations" [0m
  [1m[35mSQL (1.0ms)[0m  DELETE FROM "people"
  [1m[36mSQL (0.8ms)[0m  [1mDELETE FROM "pets"[0m
  [1m[35m (0.1ms)[0m  begin transaction
  [1m[36mSQL (7.0ms)[0m  [1mINSERT INTO "people" ("created_at", "name", "updated_at") VALUES (?, ?, ?)[0m  [["created_at", Tue, 30 Apr 2013 23:33:27 UTC +00:00], ["name", "andrea"], ["updated_at", Tue, 30 Apr 2013 23:33:27 UTC +00:00]]
  [1m[35m (0.7ms)[0m  commit transaction
  [1m[36m (0.1ms)[0m  [1mbegin transaction[0m
  [1m[35mSQL (0.6ms)[0m  INSERT INTO "pets" ("created_at", "name", "person_id", "updated_at") VALUES (?, ?, ?, ?)  [["created_at", Tue, 30 Apr 2013 23:33:27 UTC +00:00], ["name", "ciuffo"], ["person_id", 4], ["updated_at", Tue, 30 Apr 2013 23:33:27 UTC +00:00]]
  [1m[36m (1.1ms)[0m  [1mcommit transaction[0m
  [1m[35m (0.1ms)[0m  begin transaction
  [1m[36mSQL (0.7ms)[0m  [1mINSERT INTO "writers" ("created_at", "name", "updated_at") VALUES (?, ?, ?)[0m  [["created_at", Tue, 30 Apr 2013 23:33:27 UTC +00:00], ["name", "andrea"], ["updated_at", Tue, 30 Apr 2013 23:33:27 UTC +00:00]]
  [1m[35m (1.0ms)[0m  commit transaction
Connecting to database specified by database.yml
Connecting to database specified by database.yml
  [1m[36m (1.6ms)[0m  [1mSELECT "schema_migrations"."version" FROM "schema_migrations" [0m
  [1m[35mSQL (1.0ms)[0m  DELETE FROM "people"
  [1m[36mSQL (0.8ms)[0m  [1mDELETE FROM "pets"[0m
  [1m[35m (0.1ms)[0m  begin transaction
  [1m[36mSQL (7.3ms)[0m  [1mINSERT INTO "people" ("created_at", "name", "updated_at") VALUES (?, ?, ?)[0m  [["created_at", Tue, 30 Apr 2013 23:33:58 UTC +00:00], ["name", "andrea"], ["updated_at", Tue, 30 Apr 2013 23:33:58 UTC +00:00]]
  [1m[35m (0.6ms)[0m  commit transaction
  [1m[36m (0.1ms)[0m  [1mbegin transaction[0m
  [1m[35mSQL (0.6ms)[0m  INSERT INTO "pets" ("created_at", "name", "person_id", "updated_at") VALUES (?, ?, ?, ?)  [["created_at", Tue, 30 Apr 2013 23:33:58 UTC +00:00], ["name", "ciuffo"], ["person_id", 5], ["updated_at", Tue, 30 Apr 2013 23:33:58 UTC +00:00]]
  [1m[36m (0.8ms)[0m  [1mcommit transaction[0m
  [1m[35m (0.1ms)[0m  begin transaction
  [1m[36mSQL (0.5ms)[0m  [1mINSERT INTO "writers" ("created_at", "name", "updated_at") VALUES (?, ?, ?)[0m  [["created_at", Tue, 30 Apr 2013 23:33:58 UTC +00:00], ["name", "andrea"], ["updated_at", Tue, 30 Apr 2013 23:33:58 UTC +00:00]]
  [1m[35m (0.7ms)[0m  commit transaction
  [1m[36m (0.1ms)[0m  [1mbegin transaction[0m
  [1m[35mSQL (0.6ms)[0m  INSERT INTO "books" ("author_id", "created_at", "name", "updated_at") VALUES (?, ?, ?, ?)  [["author_id", 3], ["created_at", Tue, 30 Apr 2013 23:33:58 UTC +00:00], ["name", "learn ruby"], ["updated_at", Tue, 30 Apr 2013 23:33:58 UTC +00:00]]
  [1m[36m (0.6ms)[0m  [1mcommit transaction[0m
Connecting to database specified by database.yml
Connecting to database specified by database.yml
  [1m[36m (1.5ms)[0m  [1mSELECT "schema_migrations"."version" FROM "schema_migrations" [0m
  [1m[35mSQL (1.0ms)[0m  DELETE FROM "people"
  [1m[36mSQL (0.7ms)[0m  [1mDELETE FROM "pets"[0m
  [1m[35mSQL (0.6ms)[0m  DELETE FROM "writers"
  [1m[36mSQL (0.8ms)[0m  [1mDELETE FROM "books"[0m
  [1m[35m (0.1ms)[0m  begin transaction
  [1m[36mSQL (4.9ms)[0m  [1mINSERT INTO "people" ("created_at", "name", "updated_at") VALUES (?, ?, ?)[0m  [["created_at", Tue, 30 Apr 2013 23:35:08 UTC +00:00], ["name", "andrea"], ["updated_at", Tue, 30 Apr 2013 23:35:08 UTC +00:00]]
  [1m[35m (0.7ms)[0m  commit transaction
  [1m[36m (0.1ms)[0m  [1mbegin transaction[0m
  [1m[35mSQL (0.6ms)[0m  INSERT INTO "pets" ("created_at", "name", "person_id", "updated_at") VALUES (?, ?, ?, ?)  [["created_at", Tue, 30 Apr 2013 23:35:08 UTC +00:00], ["name", "ciuffo"], ["person_id", 6], ["updated_at", Tue, 30 Apr 2013 23:35:08 UTC +00:00]]
  [1m[36m (0.7ms)[0m  [1mcommit transaction[0m
  [1m[35m (0.1ms)[0m  begin transaction
  [1m[36mSQL (0.6ms)[0m  [1mINSERT INTO "writers" ("created_at", "name", "updated_at") VALUES (?, ?, ?)[0m  [["created_at", Tue, 30 Apr 2013 23:35:08 UTC +00:00], ["name", "andrea"], ["updated_at", Tue, 30 Apr 2013 23:35:08 UTC +00:00]]
  [1m[35m (0.7ms)[0m  commit transaction
  [1m[36m (0.1ms)[0m  [1mbegin transaction[0m
  [1m[35mSQL (0.5ms)[0m  INSERT INTO "books" ("author_id", "created_at", "name", "updated_at") VALUES (?, ?, ?, ?)  [["author_id", 4], ["created_at", Tue, 30 Apr 2013 23:35:08 UTC +00:00], ["name", "learn ruby"], ["updated_at", Tue, 30 Apr 2013 23:35:08 UTC +00:00]]
  [1m[36m (0.6ms)[0m  [1mcommit transaction[0m
Connecting to database specified by database.yml
Connecting to database specified by database.yml
Connecting to database specified by database.yml
Connecting to database specified by database.yml
  [1m[36m (1.7ms)[0m  [1mSELECT "schema_migrations"."version" FROM "schema_migrations" [0m
Migrating to CreatePeople (20130430232142)
Migrating to CreatePets (20130430232345)
Migrating to CreateWriters (20130430233202)
Migrating to CreateBooks (20130430233212)
Migrating to CreateCitizens (20130502194203)
  [1m[35m (0.0ms)[0m  select sqlite_version(*)
  [1m[36m (0.0ms)[0m  [1mbegin transaction[0m
  [1m[35m (0.6ms)[0m  CREATE TABLE "citizens" ("id" INTEGER PRIMARY KEY AUTOINCREMENT NOT NULL, "name" varchar(255), "created_at" datetime NOT NULL, "updated_at" datetime NOT NULL) 
  [1m[36m (0.1ms)[0m  [1mINSERT INTO "schema_migrations" ("version") VALUES ('20130502194203')[0m
  [1m[35m (0.7ms)[0m  commit transaction
Migrating to CreateSsns (20130502194222)
  [1m[36m (0.0ms)[0m  [1mbegin transaction[0m
  [1m[35m (0.6ms)[0m  CREATE TABLE "ssns" ("id" INTEGER PRIMARY KEY AUTOINCREMENT NOT NULL, "code" varchar(255), "created_at" datetime NOT NULL, "updated_at" datetime NOT NULL) 
  [1m[36m (0.2ms)[0m  [1mINSERT INTO "schema_migrations" ("version") VALUES ('20130502194222')[0m
  [1m[35m (1.2ms)[0m  commit transaction
  [1m[36m (0.2ms)[0m  [1mSELECT "schema_migrations"."version" FROM "schema_migrations" [0m
Connecting to database specified by database.yml
Connecting to database specified by database.yml
  [1m[36m (1.5ms)[0m  [1mSELECT "schema_migrations"."version" FROM "schema_migrations" [0m
  [1m[35mSQL (1.1ms)[0m  DELETE FROM "people"
  [1m[36mSQL (0.7ms)[0m  [1mDELETE FROM "pets"[0m
  [1m[35mSQL (0.7ms)[0m  DELETE FROM "writers"
  [1m[36mSQL (0.7ms)[0m  [1mDELETE FROM "books"[0m
  [1m[35mSQL (0.7ms)[0m  DELETE FROM "citizens"
  [1m[36mSQL (0.8ms)[0m  [1mDELETE FROM "ssns"[0m
  [1m[35m (0.1ms)[0m  begin transaction
  [1m[36mSQL (33.5ms)[0m  [1mINSERT INTO "people" ("created_at", "name", "updated_at") VALUES (?, ?, ?)[0m  [["created_at", Thu, 02 May 2013 19:48:50 UTC +00:00], ["name", "andrea"], ["updated_at", Thu, 02 May 2013 19:48:50 UTC +00:00]]
  [1m[35m (0.7ms)[0m  commit transaction
  [1m[36m (0.1ms)[0m  [1mbegin transaction[0m
  [1m[35mSQL (0.6ms)[0m  INSERT INTO "pets" ("created_at", "name", "person_id", "updated_at") VALUES (?, ?, ?, ?)  [["created_at", Thu, 02 May 2013 19:48:50 UTC +00:00], ["name", "ciuffo"], ["person_id", 7], ["updated_at", Thu, 02 May 2013 19:48:50 UTC +00:00]]
  [1m[36m (0.7ms)[0m  [1mcommit transaction[0m
  [1m[35m (0.1ms)[0m  begin transaction
  [1m[36mSQL (0.5ms)[0m  [1mINSERT INTO "writers" ("created_at", "name", "updated_at") VALUES (?, ?, ?)[0m  [["created_at", Thu, 02 May 2013 19:48:50 UTC +00:00], ["name", "andrea"], ["updated_at", Thu, 02 May 2013 19:48:50 UTC +00:00]]
  [1m[35m (0.6ms)[0m  commit transaction
  [1m[36m (0.1ms)[0m  [1mbegin transaction[0m
  [1m[35mSQL (0.5ms)[0m  INSERT INTO "books" ("author_id", "created_at", "name", "updated_at") VALUES (?, ?, ?, ?)  [["author_id", 5], ["created_at", Thu, 02 May 2013 19:48:50 UTC +00:00], ["name", "learn ruby"], ["updated_at", Thu, 02 May 2013 19:48:50 UTC +00:00]]
  [1m[36m (0.7ms)[0m  [1mcommit transaction[0m
  [1m[35m (0.1ms)[0m  begin transaction
  [1m[36mSQL (0.5ms)[0m  [1mINSERT INTO "citizens" ("created_at", "name", "updated_at") VALUES (?, ?, ?)[0m  [["created_at", Thu, 02 May 2013 19:48:50 UTC +00:00], ["name", "Kane"], ["updated_at", Thu, 02 May 2013 19:48:50 UTC +00:00]]
  [1m[35m (0.7ms)[0m  commit transaction
  [1m[36m (0.1ms)[0m  [1mbegin transaction[0m
  [1m[35mSQL (0.5ms)[0m  INSERT INTO "ssns" ("code", "created_at", "updated_at") VALUES (?, ?, ?)  [["code", "123ASLKJ"], ["created_at", Thu, 02 May 2013 19:48:50 UTC +00:00], ["updated_at", Thu, 02 May 2013 19:48:50 UTC +00:00]]
  [1m[36m (0.7ms)[0m  [1mcommit transaction[0m
  [1m[35mSsn Load (0.3ms)[0m  SELECT "ssns".* FROM "ssns" WHERE "ssns"."citizen_id" = 1 LIMIT 1
SQLite3::SQLException: no such column: ssns.citizen_id: SELECT  "ssns".* FROM "ssns"  WHERE "ssns"."citizen_id" = 1 LIMIT 1
Connecting to database specified by database.yml
  [1m[36m (1.8ms)[0m  [1mSELECT "schema_migrations"."version" FROM "schema_migrations" [0m
  [1m[35m (0.1ms)[0m  SELECT "schema_migrations"."version" FROM "schema_migrations" 
Migrating to CreateSsns (20130502194222)
  [1m[36m (0.0ms)[0m  [1mselect sqlite_version(*)[0m
  [1m[35m (0.0ms)[0m  begin transaction
  [1m[36m (0.6ms)[0m  [1mDROP TABLE "ssns"[0m
  [1m[35m (0.2ms)[0m  DELETE FROM "schema_migrations" WHERE "schema_migrations"."version" = '20130502194222'
  [1m[36m (0.6ms)[0m  [1mcommit transaction[0m
  [1m[35m (0.1ms)[0m  SELECT "schema_migrations"."version" FROM "schema_migrations" 
  [1m[36m (0.2ms)[0m  [1mSELECT "schema_migrations"."version" FROM "schema_migrations" [0m
Migrating to CreatePeople (20130430232142)
Migrating to CreatePets (20130430232345)
Migrating to CreateWriters (20130430233202)
Migrating to CreateBooks (20130430233212)
Migrating to CreateCitizens (20130502194203)
Migrating to CreateSsns (20130502194222)
  [1m[35m (0.1ms)[0m  begin transaction
  [1m[36m (0.5ms)[0m  [1mCREATE TABLE "ssns" ("id" INTEGER PRIMARY KEY AUTOINCREMENT NOT NULL, "code" varchar(255), "citizen_id" integer, "created_at" datetime NOT NULL, "updated_at" datetime NOT NULL) [0m
  [1m[35m (0.1ms)[0m  INSERT INTO "schema_migrations" ("version") VALUES ('20130502194222')
  [1m[36m (0.7ms)[0m  [1mcommit transaction[0m
  [1m[35m (0.1ms)[0m  SELECT "schema_migrations"."version" FROM "schema_migrations" 
Connecting to database specified by database.yml
  [1m[36m (1.7ms)[0m  [1mSELECT "schema_migrations"."version" FROM "schema_migrations" [0m
  [1m[35mSQL (1.0ms)[0m  DELETE FROM "people"
  [1m[36mSQL (0.8ms)[0m  [1mDELETE FROM "pets"[0m
  [1m[35mSQL (0.7ms)[0m  DELETE FROM "writers"
  [1m[36mSQL (0.7ms)[0m  [1mDELETE FROM "books"[0m
  [1m[35mSQL (0.7ms)[0m  DELETE FROM "citizens"
  [1m[36mSQL (0.8ms)[0m  [1mDELETE FROM "ssns"[0m
  [1m[35m (0.1ms)[0m  begin transaction
  [1m[36mSQL (7.5ms)[0m  [1mINSERT INTO "people" ("created_at", "name", "updated_at") VALUES (?, ?, ?)[0m  [["created_at", Thu, 02 May 2013 19:49:41 UTC +00:00], ["name", "andrea"], ["updated_at", Thu, 02 May 2013 19:49:41 UTC +00:00]]
  [1m[35m (0.7ms)[0m  commit transaction
  [1m[36m (0.1ms)[0m  [1mbegin transaction[0m
  [1m[35mSQL (1.1ms)[0m  INSERT INTO "pets" ("created_at", "name", "person_id", "updated_at") VALUES (?, ?, ?, ?)  [["created_at", Thu, 02 May 2013 19:49:41 UTC +00:00], ["name", "ciuffo"], ["person_id", 8], ["updated_at", Thu, 02 May 2013 19:49:41 UTC +00:00]]
  [1m[36m (0.7ms)[0m  [1mcommit transaction[0m
  [1m[35m (0.1ms)[0m  begin transaction
  [1m[36mSQL (0.6ms)[0m  [1mINSERT INTO "writers" ("created_at", "name", "updated_at") VALUES (?, ?, ?)[0m  [["created_at", Thu, 02 May 2013 19:49:41 UTC +00:00], ["name", "andrea"], ["updated_at", Thu, 02 May 2013 19:49:41 UTC +00:00]]
  [1m[35m (0.8ms)[0m  commit transaction
  [1m[36m (0.1ms)[0m  [1mbegin transaction[0m
  [1m[35mSQL (0.5ms)[0m  INSERT INTO "books" ("author_id", "created_at", "name", "updated_at") VALUES (?, ?, ?, ?)  [["author_id", 6], ["created_at", Thu, 02 May 2013 19:49:41 UTC +00:00], ["name", "learn ruby"], ["updated_at", Thu, 02 May 2013 19:49:41 UTC +00:00]]
  [1m[36m (0.7ms)[0m  [1mcommit transaction[0m
  [1m[35m (0.1ms)[0m  begin transaction
  [1m[36mSQL (0.6ms)[0m  [1mINSERT INTO "citizens" ("created_at", "name", "updated_at") VALUES (?, ?, ?)[0m  [["created_at", Thu, 02 May 2013 19:49:41 UTC +00:00], ["name", "Kane"], ["updated_at", Thu, 02 May 2013 19:49:41 UTC +00:00]]
  [1m[35m (0.6ms)[0m  commit transaction
  [1m[36m (0.1ms)[0m  [1mbegin transaction[0m
  [1m[35mSQL (0.8ms)[0m  INSERT INTO "ssns" ("citizen_id", "code", "created_at", "updated_at") VALUES (?, ?, ?, ?)  [["citizen_id", nil], ["code", "123ASLKJ"], ["created_at", Thu, 02 May 2013 19:49:41 UTC +00:00], ["updated_at", Thu, 02 May 2013 19:49:41 UTC +00:00]]
  [1m[36m (0.7ms)[0m  [1mcommit transaction[0m
  [1m[35mSsn Load (0.2ms)[0m  SELECT "ssns".* FROM "ssns" WHERE "ssns"."citizen_id" = 2 LIMIT 1
  [1m[36m (0.0ms)[0m  [1mbegin transaction[0m
  [1m[35m (0.4ms)[0m  UPDATE "ssns" SET "citizen_id" = 2, "updated_at" = '2013-05-02 19:49:41.448814' WHERE "ssns"."id" = 1
  [1m[36m (0.6ms)[0m  [1mcommit transaction[0m
  [1m[35m (0.0ms)[0m  begin transaction
  [1m[36m (0.0ms)[0m  [1mcommit transaction[0m
Connecting to database specified by database.yml
Connecting to database specified by database.yml
Connecting to database specified by database.yml
Connecting to database specified by database.yml
Connecting to database specified by database.yml
  [1m[36m (1.6ms)[0m  [1mSELECT "schema_migrations"."version" FROM "schema_migrations" [0m
Migrating to CreatePeople (20130430232142)
Migrating to CreatePets (20130430232345)
Migrating to CreateWriters (20130430233202)
Migrating to CreateBooks (20130430233212)
Migrating to CreateCitizens (20130502194203)
Migrating to CreateSsns (20130502194222)
Migrating to CreateCities (20130502201513)
  [1m[35m (0.1ms)[0m  select sqlite_version(*)
  [1m[36m (0.0ms)[0m  [1mbegin transaction[0m
  [1m[35m (0.6ms)[0m  CREATE TABLE "cities" ("id" INTEGER PRIMARY KEY AUTOINCREMENT NOT NULL, "name" varchar(255), "country_id" integer, "created_at" datetime NOT NULL, "updated_at" datetime NOT NULL) 
  [1m[36m (0.1ms)[0m  [1mINSERT INTO "schema_migrations" ("version") VALUES ('20130502201513')[0m
  [1m[35m (0.7ms)[0m  commit transaction
Migrating to CreateCountries (20130502201523)
  [1m[36m (0.0ms)[0m  [1mbegin transaction[0m
  [1m[35m (0.6ms)[0m  CREATE TABLE "countries" ("id" INTEGER PRIMARY KEY AUTOINCREMENT NOT NULL, "name" varchar(255), "created_at" datetime NOT NULL, "updated_at" datetime NOT NULL) 
  [1m[36m (0.2ms)[0m  [1mINSERT INTO "schema_migrations" ("version") VALUES ('20130502201523')[0m
  [1m[35m (0.9ms)[0m  commit transaction
Migrating to CreateStreets (20130502201536)
  [1m[36m (0.1ms)[0m  [1mbegin transaction[0m
  [1m[35m (0.1ms)[0m  rollback transaction
Connecting to database specified by database.yml
  [1m[36m (1.7ms)[0m  [1mSELECT "schema_migrations"."version" FROM "schema_migrations" [0m
Migrating to CreatePeople (20130430232142)
Migrating to CreatePets (20130430232345)
Migrating to CreateWriters (20130430233202)
Migrating to CreateBooks (20130430233212)
Migrating to CreateCitizens (20130502194203)
Migrating to CreateSsns (20130502194222)
Migrating to CreateCities (20130502201513)
Migrating to CreateCountries (20130502201523)
Migrating to CreateStreets (20130502201536)
  [1m[35m (0.1ms)[0m  select sqlite_version(*)
  [1m[36m (0.0ms)[0m  [1mbegin transaction[0m
  [1m[35m (0.7ms)[0m  CREATE TABLE "streets" ("id" INTEGER PRIMARY KEY AUTOINCREMENT NOT NULL, "name" varchar(255), "city_id" integer, "created_at" datetime NOT NULL, "updated_at" datetime NOT NULL) 
  [1m[36m (0.2ms)[0m  [1mINSERT INTO "schema_migrations" ("version") VALUES ('20130502201536')[0m
  [1m[35m (0.6ms)[0m  commit transaction
  [1m[36m (0.1ms)[0m  [1mSELECT "schema_migrations"."version" FROM "schema_migrations" [0m
Connecting to database specified by database.yml
  [1m[36m (1.7ms)[0m  [1mSELECT "schema_migrations"."version" FROM "schema_migrations" [0m
Connecting to database specified by database.yml
  [1m[36m (1.5ms)[0m  [1mSELECT "schema_migrations"."version" FROM "schema_migrations" [0m
Connecting to database specified by database.yml
  [1m[36m (1.5ms)[0m  [1mSELECT "schema_migrations"."version" FROM "schema_migrations" [0m
  [1m[35mSQL (1.0ms)[0m  DELETE FROM "people"
  [1m[36mSQL (0.8ms)[0m  [1mDELETE FROM "pets"[0m
  [1m[35mSQL (0.7ms)[0m  DELETE FROM "writers"
  [1m[36mSQL (0.7ms)[0m  [1mDELETE FROM "books"[0m
  [1m[35mSQL (0.8ms)[0m  DELETE FROM "citizens"
  [1m[36mSQL (0.7ms)[0m  [1mDELETE FROM "ssns"[0m
  [1m[35mSQL (1.9ms)[0m  DELETE FROM "countries"
  [1m[36mSQL (1.0ms)[0m  [1mDELETE FROM "cities"[0m
  [1m[35mSQL (0.8ms)[0m  DELETE FROM "streets"
  [1m[36m (0.1ms)[0m  [1mbegin transaction[0m
  [1m[35mSQL (5.6ms)[0m  INSERT INTO "people" ("created_at", "name", "updated_at") VALUES (?, ?, ?)  [["created_at", Thu, 02 May 2013 20:19:54 UTC +00:00], ["name", "andrea"], ["updated_at", Thu, 02 May 2013 20:19:54 UTC +00:00]]
  [1m[36m (0.7ms)[0m  [1mcommit transaction[0m
  [1m[35m (0.1ms)[0m  begin transaction
  [1m[36mSQL (0.7ms)[0m  [1mINSERT INTO "pets" ("created_at", "name", "person_id", "updated_at") VALUES (?, ?, ?, ?)[0m  [["created_at", Thu, 02 May 2013 20:19:54 UTC +00:00], ["name", "ciuffo"], ["person_id", 10], ["updated_at", Thu, 02 May 2013 20:19:54 UTC +00:00]]
  [1m[35m (12.8ms)[0m  commit transaction
  [1m[36m (0.1ms)[0m  [1mbegin transaction[0m
  [1m[35mSQL (0.6ms)[0m  INSERT INTO "writers" ("created_at", "name", "updated_at") VALUES (?, ?, ?)  [["created_at", Thu, 02 May 2013 20:19:54 UTC +00:00], ["name", "andrea"], ["updated_at", Thu, 02 May 2013 20:19:54 UTC +00:00]]
  [1m[36m (1.0ms)[0m  [1mcommit transaction[0m
  [1m[35m (0.1ms)[0m  begin transaction
  [1m[36mSQL (0.5ms)[0m  [1mINSERT INTO "books" ("author_id", "created_at", "name", "updated_at") VALUES (?, ?, ?, ?)[0m  [["author_id", 7], ["created_at", Thu, 02 May 2013 20:19:54 UTC +00:00], ["name", "learn ruby"], ["updated_at", Thu, 02 May 2013 20:19:54 UTC +00:00]]
  [1m[35m (0.6ms)[0m  commit transaction
  [1m[36m (0.1ms)[0m  [1mbegin transaction[0m
  [1m[35mSQL (0.5ms)[0m  INSERT INTO "citizens" ("created_at", "name", "updated_at") VALUES (?, ?, ?)  [["created_at", Thu, 02 May 2013 20:19:54 UTC +00:00], ["name", "Kane"], ["updated_at", Thu, 02 May 2013 20:19:54 UTC +00:00]]
  [1m[36m (0.7ms)[0m  [1mcommit transaction[0m
  [1m[35m (0.1ms)[0m  begin transaction
  [1m[36mSQL (0.6ms)[0m  [1mINSERT INTO "ssns" ("citizen_id", "code", "created_at", "updated_at") VALUES (?, ?, ?, ?)[0m  [["citizen_id", nil], ["code", "123ASLKJ"], ["created_at", Thu, 02 May 2013 20:19:54 UTC +00:00], ["updated_at", Thu, 02 May 2013 20:19:54 UTC +00:00]]
  [1m[35m (0.7ms)[0m  commit transaction
  [1m[36mSsn Load (0.3ms)[0m  [1mSELECT "ssns".* FROM "ssns" WHERE "ssns"."citizen_id" = 6 LIMIT 1[0m
  [1m[35m (0.0ms)[0m  begin transaction
  [1m[36m (0.7ms)[0m  [1mUPDATE "ssns" SET "citizen_id" = 6, "updated_at" = '2013-05-02 20:19:54.378503' WHERE "ssns"."id" = 9[0m
  [1m[35m (0.7ms)[0m  commit transaction
  [1m[36m (0.0ms)[0m  [1mbegin transaction[0m
  [1m[35m (0.0ms)[0m  commit transaction
  [1m[36m (0.1ms)[0m  [1mbegin transaction[0m
  [1m[35mSQL (0.6ms)[0m  INSERT INTO "countries" ("created_at", "name", "updated_at") VALUES (?, ?, ?)  [["created_at", Thu, 02 May 2013 20:19:54 UTC +00:00], ["name", "Italy"], ["updated_at", Thu, 02 May 2013 20:19:54 UTC +00:00]]
  [1m[36m (0.5ms)[0m  [1mcommit transaction[0m
  [1m[35m (0.1ms)[0m  begin transaction
  [1m[36mSQL (0.6ms)[0m  [1mINSERT INTO "cities" ("country_id", "created_at", "name", "updated_at") VALUES (?, ?, ?, ?)[0m  [["country_id", 1], ["created_at", Thu, 02 May 2013 20:19:54 UTC +00:00], ["name", "Milan"], ["updated_at", Thu, 02 May 2013 20:19:54 UTC +00:00]]
  [1m[35m (0.7ms)[0m  commit transaction
  [1m[36m (0.1ms)[0m  [1mbegin transaction[0m
  [1m[35mSQL (0.5ms)[0m  INSERT INTO "streets" ("city_id", "created_at", "name", "updated_at") VALUES (?, ?, ?, ?)  [["city_id", 1], ["created_at", Thu, 02 May 2013 20:19:54 UTC +00:00], ["name", "via Garibaldi"], ["updated_at", Thu, 02 May 2013 20:19:54 UTC +00:00]]
  [1m[36m (0.6ms)[0m  [1mcommit transaction[0m
Connecting to database specified by database.yml
